<?xml version="1.0" encoding="UTF-8"?>
<testsuite xmlns:xsi="http://www.w3.org/2001/XMLSchema-instance" xsi:noNamespaceSchemaLocation="https://maven.apache.org/surefire/maven-surefire-plugin/xsd/surefire-test-report.xsd" name="com.example.demo.DemoApplicationTests" time="3.519" tests="1" errors="0" skipped="0" failures="0">
  <properties>
    <property name="gopherProxySet" value="false"/>
    <property name="awt.toolkit" value="sun.lwawt.macosx.LWCToolkit"/>
    <property name="java.specification.version" value="11"/>
    <property name="sun.cpu.isalist" value=""/>
    <property name="sun.jnu.encoding" value="UTF-8"/>
    <property name="java.class.path" value="/Users/shashikanth/Spring-WebFlux/target/test-classes:/Users/shashikanth/Spring-WebFlux/target/classes:/Users/shashikanth/.m2/repository/org/springframework/boot/spring-boot-starter-webflux/2.7.12-SNAPSHOT/spring-boot-starter-webflux-2.7.12-SNAPSHOT.jar:/Users/shashikanth/.m2/repository/org/springframework/boot/spring-boot-starter/2.7.12-SNAPSHOT/spring-boot-starter-2.7.12-SNAPSHOT.jar:/Users/shashikanth/.m2/repository/org/springframework/boot/spring-boot/2.7.12-SNAPSHOT/spring-boot-2.7.12-SNAPSHOT.jar:/Users/shashikanth/.m2/repository/org/springframework/spring-context/5.3.28-SNAPSHOT/spring-context-5.3.28-SNAPSHOT.jar:/Users/shashikanth/.m2/repository/org/springframework/spring-aop/5.3.28-SNAPSHOT/spring-aop-5.3.28-SNAPSHOT.jar:/Users/shashikanth/.m2/repository/org/springframework/spring-expression/5.3.28-SNAPSHOT/spring-expression-5.3.28-SNAPSHOT.jar:/Users/shashikanth/.m2/repository/org/springframework/boot/spring-boot-autoconfigure/2.7.12-SNAPSHOT/spring-boot-autoconfigure-2.7.12-SNAPSHOT.jar:/Users/shashikanth/.m2/repository/org/springframework/boot/spring-boot-starter-logging/2.7.12-SNAPSHOT/spring-boot-starter-logging-2.7.12-SNAPSHOT.jar:/Users/shashikanth/.m2/repository/ch/qos/logback/logback-classic/1.2.12/logback-classic-1.2.12.jar:/Users/shashikanth/.m2/repository/ch/qos/logback/logback-core/1.2.12/logback-core-1.2.12.jar:/Users/shashikanth/.m2/repository/org/apache/logging/log4j/log4j-to-slf4j/2.17.2/log4j-to-slf4j-2.17.2.jar:/Users/shashikanth/.m2/repository/org/apache/logging/log4j/log4j-api/2.17.2/log4j-api-2.17.2.jar:/Users/shashikanth/.m2/repository/org/slf4j/jul-to-slf4j/1.7.36/jul-to-slf4j-1.7.36.jar:/Users/shashikanth/.m2/repository/jakarta/annotation/jakarta.annotation-api/1.3.5/jakarta.annotation-api-1.3.5.jar:/Users/shashikanth/.m2/repository/org/yaml/snakeyaml/1.30/snakeyaml-1.30.jar:/Users/shashikanth/.m2/repository/org/springframework/boot/spring-boot-starter-json/2.7.12-SNAPSHOT/spring-boot-starter-json-2.7.12-SNAPSHOT.jar:/Users/shashikanth/.m2/repository/com/fasterxml/jackson/core/jackson-databind/2.13.5/jackson-databind-2.13.5.jar:/Users/shashikanth/.m2/repository/com/fasterxml/jackson/core/jackson-annotations/2.13.5/jackson-annotations-2.13.5.jar:/Users/shashikanth/.m2/repository/com/fasterxml/jackson/core/jackson-core/2.13.5/jackson-core-2.13.5.jar:/Users/shashikanth/.m2/repository/com/fasterxml/jackson/datatype/jackson-datatype-jdk8/2.13.5/jackson-datatype-jdk8-2.13.5.jar:/Users/shashikanth/.m2/repository/com/fasterxml/jackson/datatype/jackson-datatype-jsr310/2.13.5/jackson-datatype-jsr310-2.13.5.jar:/Users/shashikanth/.m2/repository/com/fasterxml/jackson/module/jackson-module-parameter-names/2.13.5/jackson-module-parameter-names-2.13.5.jar:/Users/shashikanth/.m2/repository/org/springframework/boot/spring-boot-starter-reactor-netty/2.7.12-SNAPSHOT/spring-boot-starter-reactor-netty-2.7.12-SNAPSHOT.jar:/Users/shashikanth/.m2/repository/org/springframework/spring-web/5.3.28-SNAPSHOT/spring-web-5.3.28-SNAPSHOT.jar:/Users/shashikanth/.m2/repository/org/springframework/spring-beans/5.3.28-SNAPSHOT/spring-beans-5.3.28-SNAPSHOT.jar:/Users/shashikanth/.m2/repository/org/springframework/spring-webflux/5.3.28-SNAPSHOT/spring-webflux-5.3.28-SNAPSHOT.jar:/Users/shashikanth/.m2/repository/io/projectreactor/netty/reactor-netty/1.0.32-SNAPSHOT/reactor-netty-1.0.32-SNAPSHOT.jar:/Users/shashikanth/.m2/repository/io/projectreactor/netty/reactor-netty-core/1.0.32-SNAPSHOT/reactor-netty-core-1.0.32-SNAPSHOT.jar:/Users/shashikanth/.m2/repository/io/netty/netty-handler/4.1.91.Final/netty-handler-4.1.91.Final.jar:/Users/shashikanth/.m2/repository/io/netty/netty-common/4.1.91.Final/netty-common-4.1.91.Final.jar:/Users/shashikanth/.m2/repository/io/netty/netty-resolver/4.1.91.Final/netty-resolver-4.1.91.Final.jar:/Users/shashikanth/.m2/repository/io/netty/netty-buffer/4.1.91.Final/netty-buffer-4.1.91.Final.jar:/Users/shashikanth/.m2/repository/io/netty/netty-transport/4.1.91.Final/netty-transport-4.1.91.Final.jar:/Users/shashikanth/.m2/repository/io/netty/netty-transport-native-unix-common/4.1.91.Final/netty-transport-native-unix-common-4.1.91.Final.jar:/Users/shashikanth/.m2/repository/io/netty/netty-codec/4.1.91.Final/netty-codec-4.1.91.Final.jar:/Users/shashikanth/.m2/repository/io/netty/netty-handler-proxy/4.1.91.Final/netty-handler-proxy-4.1.91.Final.jar:/Users/shashikanth/.m2/repository/io/netty/netty-codec-socks/4.1.91.Final/netty-codec-socks-4.1.91.Final.jar:/Users/shashikanth/.m2/repository/io/netty/netty-resolver-dns/4.1.91.Final/netty-resolver-dns-4.1.91.Final.jar:/Users/shashikanth/.m2/repository/io/netty/netty-codec-dns/4.1.91.Final/netty-codec-dns-4.1.91.Final.jar:/Users/shashikanth/.m2/repository/io/netty/netty-resolver-dns-native-macos/4.1.91.Final/netty-resolver-dns-native-macos-4.1.91.Final-osx-x86_64.jar:/Users/shashikanth/.m2/repository/io/netty/netty-resolver-dns-classes-macos/4.1.91.Final/netty-resolver-dns-classes-macos-4.1.91.Final.jar:/Users/shashikanth/.m2/repository/io/netty/netty-transport-native-epoll/4.1.91.Final/netty-transport-native-epoll-4.1.91.Final-linux-x86_64.jar:/Users/shashikanth/.m2/repository/io/netty/netty-transport-classes-epoll/4.1.91.Final/netty-transport-classes-epoll-4.1.91.Final.jar:/Users/shashikanth/.m2/repository/io/projectreactor/netty/reactor-netty-http/1.0.32-SNAPSHOT/reactor-netty-http-1.0.32-SNAPSHOT.jar:/Users/shashikanth/.m2/repository/io/netty/netty-codec-http/4.1.91.Final/netty-codec-http-4.1.91.Final.jar:/Users/shashikanth/.m2/repository/io/netty/netty-codec-http2/4.1.91.Final/netty-codec-http2-4.1.91.Final.jar:/Users/shashikanth/.m2/repository/io/projectreactor/netty/incubator/reactor-netty-incubator-quic/0.0.21-SNAPSHOT/reactor-netty-incubator-quic-0.0.21-SNAPSHOT.jar:/Users/shashikanth/.m2/repository/io/netty/incubator/netty-incubator-codec-native-quic/0.0.40.Final/netty-incubator-codec-native-quic-0.0.40.Final-linux-x86_64.jar:/Users/shashikanth/.m2/repository/io/netty/incubator/netty-incubator-codec-classes-quic/0.0.40.Final/netty-incubator-codec-classes-quic-0.0.40.Final.jar:/Users/shashikanth/.m2/repository/commons-codec/commons-codec/1.15/commons-codec-1.15.jar:/Users/shashikanth/.m2/repository/io/projectreactor/netty/reactor-netty-http-brave/1.0.32-SNAPSHOT/reactor-netty-http-brave-1.0.32-SNAPSHOT.jar:/Users/shashikanth/.m2/repository/io/zipkin/brave/brave-instrumentation-http/5.15.1/brave-instrumentation-http-5.15.1.jar:/Users/shashikanth/.m2/repository/io/zipkin/brave/brave/5.15.1/brave-5.15.1.jar:/Users/shashikanth/.m2/repository/io/zipkin/reporter2/zipkin-reporter-brave/2.16.3/zipkin-reporter-brave-2.16.3.jar:/Users/shashikanth/.m2/repository/io/zipkin/reporter2/zipkin-reporter/2.16.3/zipkin-reporter-2.16.3.jar:/Users/shashikanth/.m2/repository/io/zipkin/zipkin2/zipkin/2.23.2/zipkin-2.23.2.jar:/Users/shashikanth/.m2/repository/org/springframework/boot/spring-boot-starter-test/2.7.12-SNAPSHOT/spring-boot-starter-test-2.7.12-SNAPSHOT.jar:/Users/shashikanth/.m2/repository/org/springframework/boot/spring-boot-test/2.7.12-SNAPSHOT/spring-boot-test-2.7.12-SNAPSHOT.jar:/Users/shashikanth/.m2/repository/org/springframework/boot/spring-boot-test-autoconfigure/2.7.12-SNAPSHOT/spring-boot-test-autoconfigure-2.7.12-SNAPSHOT.jar:/Users/shashikanth/.m2/repository/com/jayway/jsonpath/json-path/2.7.0/json-path-2.7.0.jar:/Users/shashikanth/.m2/repository/net/minidev/json-smart/2.4.10/json-smart-2.4.10.jar:/Users/shashikanth/.m2/repository/net/minidev/accessors-smart/2.4.9/accessors-smart-2.4.9.jar:/Users/shashikanth/.m2/repository/org/ow2/asm/asm/9.3/asm-9.3.jar:/Users/shashikanth/.m2/repository/org/slf4j/slf4j-api/1.7.36/slf4j-api-1.7.36.jar:/Users/shashikanth/.m2/repository/jakarta/xml/bind/jakarta.xml.bind-api/2.3.3/jakarta.xml.bind-api-2.3.3.jar:/Users/shashikanth/.m2/repository/jakarta/activation/jakarta.activation-api/1.2.2/jakarta.activation-api-1.2.2.jar:/Users/shashikanth/.m2/repository/org/assertj/assertj-core/3.22.0/assertj-core-3.22.0.jar:/Users/shashikanth/.m2/repository/org/hamcrest/hamcrest/2.2/hamcrest-2.2.jar:/Users/shashikanth/.m2/repository/org/junit/jupiter/junit-jupiter/5.8.2/junit-jupiter-5.8.2.jar:/Users/shashikanth/.m2/repository/org/junit/jupiter/junit-jupiter-api/5.8.2/junit-jupiter-api-5.8.2.jar:/Users/shashikanth/.m2/repository/org/opentest4j/opentest4j/1.2.0/opentest4j-1.2.0.jar:/Users/shashikanth/.m2/repository/org/junit/platform/junit-platform-commons/1.8.2/junit-platform-commons-1.8.2.jar:/Users/shashikanth/.m2/repository/org/apiguardian/apiguardian-api/1.1.2/apiguardian-api-1.1.2.jar:/Users/shashikanth/.m2/repository/org/junit/jupiter/junit-jupiter-params/5.8.2/junit-jupiter-params-5.8.2.jar:/Users/shashikanth/.m2/repository/org/junit/jupiter/junit-jupiter-engine/5.8.2/junit-jupiter-engine-5.8.2.jar:/Users/shashikanth/.m2/repository/org/junit/platform/junit-platform-engine/1.8.2/junit-platform-engine-1.8.2.jar:/Users/shashikanth/.m2/repository/org/mockito/mockito-core/4.5.1/mockito-core-4.5.1.jar:/Users/shashikanth/.m2/repository/net/bytebuddy/byte-buddy/1.12.23/byte-buddy-1.12.23.jar:/Users/shashikanth/.m2/repository/net/bytebuddy/byte-buddy-agent/1.12.23/byte-buddy-agent-1.12.23.jar:/Users/shashikanth/.m2/repository/org/objenesis/objenesis/3.2/objenesis-3.2.jar:/Users/shashikanth/.m2/repository/org/mockito/mockito-junit-jupiter/4.5.1/mockito-junit-jupiter-4.5.1.jar:/Users/shashikanth/.m2/repository/org/skyscreamer/jsonassert/1.5.1/jsonassert-1.5.1.jar:/Users/shashikanth/.m2/repository/com/vaadin/external/google/android-json/0.0.20131108.vaadin1/android-json-0.0.20131108.vaadin1.jar:/Users/shashikanth/.m2/repository/org/springframework/spring-core/5.3.28-SNAPSHOT/spring-core-5.3.28-SNAPSHOT.jar:/Users/shashikanth/.m2/repository/org/springframework/spring-jcl/5.3.28-SNAPSHOT/spring-jcl-5.3.28-SNAPSHOT.jar:/Users/shashikanth/.m2/repository/org/springframework/spring-test/5.3.28-SNAPSHOT/spring-test-5.3.28-SNAPSHOT.jar:/Users/shashikanth/.m2/repository/org/xmlunit/xmlunit-core/2.9.1/xmlunit-core-2.9.1.jar:/Users/shashikanth/.m2/repository/io/projectreactor/reactor-test/3.4.30-SNAPSHOT/reactor-test-3.4.30-SNAPSHOT.jar:/Users/shashikanth/.m2/repository/io/projectreactor/reactor-core/3.4.30-SNAPSHOT/reactor-core-3.4.30-SNAPSHOT.jar:/Users/shashikanth/.m2/repository/org/reactivestreams/reactive-streams/1.0.4/reactive-streams-1.0.4.jar:"/>
    <property name="java.vm.vendor" value="OpenLogic"/>
    <property name="sun.arch.data.model" value="64"/>
    <property name="java.vendor.url" value="https://openlogic.com/"/>
    <property name="user.timezone" value=""/>
    <property name="java.vm.specification.version" value="11"/>
    <property name="os.name" value="Mac OS X"/>
    <property name="sun.java.launcher" value="SUN_STANDARD"/>
    <property name="user.country" value="IN"/>
    <property name="sun.boot.library.path" value="/Library/Java/JavaVirtualMachines/openlogic-openjdk-11.jdk/Contents/Home/lib"/>
    <property name="sun.java.command" value="/Users/shashikanth/Spring-WebFlux/target/surefire/surefirebooter1280018289127347351.jar /Users/shashikanth/Spring-WebFlux/target/surefire 2023-05-08T17-17-29_639-jvmRun1 surefire18203341423503233896tmp surefire_014340158117397381853tmp"/>
    <property name="http.nonProxyHosts" value="local|*.local|169.254/16|*.169.254/16"/>
    <property name="jdk.debug" value="release"/>
    <property name="surefire.test.class.path" value="/Users/shashikanth/Spring-WebFlux/target/test-classes:/Users/shashikanth/Spring-WebFlux/target/classes:/Users/shashikanth/.m2/repository/org/springframework/boot/spring-boot-starter-webflux/2.7.12-SNAPSHOT/spring-boot-starter-webflux-2.7.12-SNAPSHOT.jar:/Users/shashikanth/.m2/repository/org/springframework/boot/spring-boot-starter/2.7.12-SNAPSHOT/spring-boot-starter-2.7.12-SNAPSHOT.jar:/Users/shashikanth/.m2/repository/org/springframework/boot/spring-boot/2.7.12-SNAPSHOT/spring-boot-2.7.12-SNAPSHOT.jar:/Users/shashikanth/.m2/repository/org/springframework/spring-context/5.3.28-SNAPSHOT/spring-context-5.3.28-SNAPSHOT.jar:/Users/shashikanth/.m2/repository/org/springframework/spring-aop/5.3.28-SNAPSHOT/spring-aop-5.3.28-SNAPSHOT.jar:/Users/shashikanth/.m2/repository/org/springframework/spring-expression/5.3.28-SNAPSHOT/spring-expression-5.3.28-SNAPSHOT.jar:/Users/shashikanth/.m2/repository/org/springframework/boot/spring-boot-autoconfigure/2.7.12-SNAPSHOT/spring-boot-autoconfigure-2.7.12-SNAPSHOT.jar:/Users/shashikanth/.m2/repository/org/springframework/boot/spring-boot-starter-logging/2.7.12-SNAPSHOT/spring-boot-starter-logging-2.7.12-SNAPSHOT.jar:/Users/shashikanth/.m2/repository/ch/qos/logback/logback-classic/1.2.12/logback-classic-1.2.12.jar:/Users/shashikanth/.m2/repository/ch/qos/logback/logback-core/1.2.12/logback-core-1.2.12.jar:/Users/shashikanth/.m2/repository/org/apache/logging/log4j/log4j-to-slf4j/2.17.2/log4j-to-slf4j-2.17.2.jar:/Users/shashikanth/.m2/repository/org/apache/logging/log4j/log4j-api/2.17.2/log4j-api-2.17.2.jar:/Users/shashikanth/.m2/repository/org/slf4j/jul-to-slf4j/1.7.36/jul-to-slf4j-1.7.36.jar:/Users/shashikanth/.m2/repository/jakarta/annotation/jakarta.annotation-api/1.3.5/jakarta.annotation-api-1.3.5.jar:/Users/shashikanth/.m2/repository/org/yaml/snakeyaml/1.30/snakeyaml-1.30.jar:/Users/shashikanth/.m2/repository/org/springframework/boot/spring-boot-starter-json/2.7.12-SNAPSHOT/spring-boot-starter-json-2.7.12-SNAPSHOT.jar:/Users/shashikanth/.m2/repository/com/fasterxml/jackson/core/jackson-databind/2.13.5/jackson-databind-2.13.5.jar:/Users/shashikanth/.m2/repository/com/fasterxml/jackson/core/jackson-annotations/2.13.5/jackson-annotations-2.13.5.jar:/Users/shashikanth/.m2/repository/com/fasterxml/jackson/core/jackson-core/2.13.5/jackson-core-2.13.5.jar:/Users/shashikanth/.m2/repository/com/fasterxml/jackson/datatype/jackson-datatype-jdk8/2.13.5/jackson-datatype-jdk8-2.13.5.jar:/Users/shashikanth/.m2/repository/com/fasterxml/jackson/datatype/jackson-datatype-jsr310/2.13.5/jackson-datatype-jsr310-2.13.5.jar:/Users/shashikanth/.m2/repository/com/fasterxml/jackson/module/jackson-module-parameter-names/2.13.5/jackson-module-parameter-names-2.13.5.jar:/Users/shashikanth/.m2/repository/org/springframework/boot/spring-boot-starter-reactor-netty/2.7.12-SNAPSHOT/spring-boot-starter-reactor-netty-2.7.12-SNAPSHOT.jar:/Users/shashikanth/.m2/repository/org/springframework/spring-web/5.3.28-SNAPSHOT/spring-web-5.3.28-SNAPSHOT.jar:/Users/shashikanth/.m2/repository/org/springframework/spring-beans/5.3.28-SNAPSHOT/spring-beans-5.3.28-SNAPSHOT.jar:/Users/shashikanth/.m2/repository/org/springframework/spring-webflux/5.3.28-SNAPSHOT/spring-webflux-5.3.28-SNAPSHOT.jar:/Users/shashikanth/.m2/repository/io/projectreactor/netty/reactor-netty/1.0.32-SNAPSHOT/reactor-netty-1.0.32-SNAPSHOT.jar:/Users/shashikanth/.m2/repository/io/projectreactor/netty/reactor-netty-core/1.0.32-SNAPSHOT/reactor-netty-core-1.0.32-SNAPSHOT.jar:/Users/shashikanth/.m2/repository/io/netty/netty-handler/4.1.91.Final/netty-handler-4.1.91.Final.jar:/Users/shashikanth/.m2/repository/io/netty/netty-common/4.1.91.Final/netty-common-4.1.91.Final.jar:/Users/shashikanth/.m2/repository/io/netty/netty-resolver/4.1.91.Final/netty-resolver-4.1.91.Final.jar:/Users/shashikanth/.m2/repository/io/netty/netty-buffer/4.1.91.Final/netty-buffer-4.1.91.Final.jar:/Users/shashikanth/.m2/repository/io/netty/netty-transport/4.1.91.Final/netty-transport-4.1.91.Final.jar:/Users/shashikanth/.m2/repository/io/netty/netty-transport-native-unix-common/4.1.91.Final/netty-transport-native-unix-common-4.1.91.Final.jar:/Users/shashikanth/.m2/repository/io/netty/netty-codec/4.1.91.Final/netty-codec-4.1.91.Final.jar:/Users/shashikanth/.m2/repository/io/netty/netty-handler-proxy/4.1.91.Final/netty-handler-proxy-4.1.91.Final.jar:/Users/shashikanth/.m2/repository/io/netty/netty-codec-socks/4.1.91.Final/netty-codec-socks-4.1.91.Final.jar:/Users/shashikanth/.m2/repository/io/netty/netty-resolver-dns/4.1.91.Final/netty-resolver-dns-4.1.91.Final.jar:/Users/shashikanth/.m2/repository/io/netty/netty-codec-dns/4.1.91.Final/netty-codec-dns-4.1.91.Final.jar:/Users/shashikanth/.m2/repository/io/netty/netty-resolver-dns-native-macos/4.1.91.Final/netty-resolver-dns-native-macos-4.1.91.Final-osx-x86_64.jar:/Users/shashikanth/.m2/repository/io/netty/netty-resolver-dns-classes-macos/4.1.91.Final/netty-resolver-dns-classes-macos-4.1.91.Final.jar:/Users/shashikanth/.m2/repository/io/netty/netty-transport-native-epoll/4.1.91.Final/netty-transport-native-epoll-4.1.91.Final-linux-x86_64.jar:/Users/shashikanth/.m2/repository/io/netty/netty-transport-classes-epoll/4.1.91.Final/netty-transport-classes-epoll-4.1.91.Final.jar:/Users/shashikanth/.m2/repository/io/projectreactor/netty/reactor-netty-http/1.0.32-SNAPSHOT/reactor-netty-http-1.0.32-SNAPSHOT.jar:/Users/shashikanth/.m2/repository/io/netty/netty-codec-http/4.1.91.Final/netty-codec-http-4.1.91.Final.jar:/Users/shashikanth/.m2/repository/io/netty/netty-codec-http2/4.1.91.Final/netty-codec-http2-4.1.91.Final.jar:/Users/shashikanth/.m2/repository/io/projectreactor/netty/incubator/reactor-netty-incubator-quic/0.0.21-SNAPSHOT/reactor-netty-incubator-quic-0.0.21-SNAPSHOT.jar:/Users/shashikanth/.m2/repository/io/netty/incubator/netty-incubator-codec-native-quic/0.0.40.Final/netty-incubator-codec-native-quic-0.0.40.Final-linux-x86_64.jar:/Users/shashikanth/.m2/repository/io/netty/incubator/netty-incubator-codec-classes-quic/0.0.40.Final/netty-incubator-codec-classes-quic-0.0.40.Final.jar:/Users/shashikanth/.m2/repository/commons-codec/commons-codec/1.15/commons-codec-1.15.jar:/Users/shashikanth/.m2/repository/io/projectreactor/netty/reactor-netty-http-brave/1.0.32-SNAPSHOT/reactor-netty-http-brave-1.0.32-SNAPSHOT.jar:/Users/shashikanth/.m2/repository/io/zipkin/brave/brave-instrumentation-http/5.15.1/brave-instrumentation-http-5.15.1.jar:/Users/shashikanth/.m2/repository/io/zipkin/brave/brave/5.15.1/brave-5.15.1.jar:/Users/shashikanth/.m2/repository/io/zipkin/reporter2/zipkin-reporter-brave/2.16.3/zipkin-reporter-brave-2.16.3.jar:/Users/shashikanth/.m2/repository/io/zipkin/reporter2/zipkin-reporter/2.16.3/zipkin-reporter-2.16.3.jar:/Users/shashikanth/.m2/repository/io/zipkin/zipkin2/zipkin/2.23.2/zipkin-2.23.2.jar:/Users/shashikanth/.m2/repository/org/springframework/boot/spring-boot-starter-test/2.7.12-SNAPSHOT/spring-boot-starter-test-2.7.12-SNAPSHOT.jar:/Users/shashikanth/.m2/repository/org/springframework/boot/spring-boot-test/2.7.12-SNAPSHOT/spring-boot-test-2.7.12-SNAPSHOT.jar:/Users/shashikanth/.m2/repository/org/springframework/boot/spring-boot-test-autoconfigure/2.7.12-SNAPSHOT/spring-boot-test-autoconfigure-2.7.12-SNAPSHOT.jar:/Users/shashikanth/.m2/repository/com/jayway/jsonpath/json-path/2.7.0/json-path-2.7.0.jar:/Users/shashikanth/.m2/repository/net/minidev/json-smart/2.4.10/json-smart-2.4.10.jar:/Users/shashikanth/.m2/repository/net/minidev/accessors-smart/2.4.9/accessors-smart-2.4.9.jar:/Users/shashikanth/.m2/repository/org/ow2/asm/asm/9.3/asm-9.3.jar:/Users/shashikanth/.m2/repository/org/slf4j/slf4j-api/1.7.36/slf4j-api-1.7.36.jar:/Users/shashikanth/.m2/repository/jakarta/xml/bind/jakarta.xml.bind-api/2.3.3/jakarta.xml.bind-api-2.3.3.jar:/Users/shashikanth/.m2/repository/jakarta/activation/jakarta.activation-api/1.2.2/jakarta.activation-api-1.2.2.jar:/Users/shashikanth/.m2/repository/org/assertj/assertj-core/3.22.0/assertj-core-3.22.0.jar:/Users/shashikanth/.m2/repository/org/hamcrest/hamcrest/2.2/hamcrest-2.2.jar:/Users/shashikanth/.m2/repository/org/junit/jupiter/junit-jupiter/5.8.2/junit-jupiter-5.8.2.jar:/Users/shashikanth/.m2/repository/org/junit/jupiter/junit-jupiter-api/5.8.2/junit-jupiter-api-5.8.2.jar:/Users/shashikanth/.m2/repository/org/opentest4j/opentest4j/1.2.0/opentest4j-1.2.0.jar:/Users/shashikanth/.m2/repository/org/junit/platform/junit-platform-commons/1.8.2/junit-platform-commons-1.8.2.jar:/Users/shashikanth/.m2/repository/org/apiguardian/apiguardian-api/1.1.2/apiguardian-api-1.1.2.jar:/Users/shashikanth/.m2/repository/org/junit/jupiter/junit-jupiter-params/5.8.2/junit-jupiter-params-5.8.2.jar:/Users/shashikanth/.m2/repository/org/junit/jupiter/junit-jupiter-engine/5.8.2/junit-jupiter-engine-5.8.2.jar:/Users/shashikanth/.m2/repository/org/junit/platform/junit-platform-engine/1.8.2/junit-platform-engine-1.8.2.jar:/Users/shashikanth/.m2/repository/org/mockito/mockito-core/4.5.1/mockito-core-4.5.1.jar:/Users/shashikanth/.m2/repository/net/bytebuddy/byte-buddy/1.12.23/byte-buddy-1.12.23.jar:/Users/shashikanth/.m2/repository/net/bytebuddy/byte-buddy-agent/1.12.23/byte-buddy-agent-1.12.23.jar:/Users/shashikanth/.m2/repository/org/objenesis/objenesis/3.2/objenesis-3.2.jar:/Users/shashikanth/.m2/repository/org/mockito/mockito-junit-jupiter/4.5.1/mockito-junit-jupiter-4.5.1.jar:/Users/shashikanth/.m2/repository/org/skyscreamer/jsonassert/1.5.1/jsonassert-1.5.1.jar:/Users/shashikanth/.m2/repository/com/vaadin/external/google/android-json/0.0.20131108.vaadin1/android-json-0.0.20131108.vaadin1.jar:/Users/shashikanth/.m2/repository/org/springframework/spring-core/5.3.28-SNAPSHOT/spring-core-5.3.28-SNAPSHOT.jar:/Users/shashikanth/.m2/repository/org/springframework/spring-jcl/5.3.28-SNAPSHOT/spring-jcl-5.3.28-SNAPSHOT.jar:/Users/shashikanth/.m2/repository/org/springframework/spring-test/5.3.28-SNAPSHOT/spring-test-5.3.28-SNAPSHOT.jar:/Users/shashikanth/.m2/repository/org/xmlunit/xmlunit-core/2.9.1/xmlunit-core-2.9.1.jar:/Users/shashikanth/.m2/repository/io/projectreactor/reactor-test/3.4.30-SNAPSHOT/reactor-test-3.4.30-SNAPSHOT.jar:/Users/shashikanth/.m2/repository/io/projectreactor/reactor-core/3.4.30-SNAPSHOT/reactor-core-3.4.30-SNAPSHOT.jar:/Users/shashikanth/.m2/repository/org/reactivestreams/reactive-streams/1.0.4/reactive-streams-1.0.4.jar:"/>
    <property name="sun.cpu.endian" value="little"/>
    <property name="user.home" value="/Users/shashikanth"/>
    <property name="user.language" value="en"/>
    <property name="java.specification.vendor" value="Oracle Corporation"/>
    <property name="java.version.date" value="2023-04-18"/>
    <property name="java.home" value="/Library/Java/JavaVirtualMachines/openlogic-openjdk-11.jdk/Contents/Home"/>
    <property name="file.separator" value="/"/>
    <property name="basedir" value="/Users/shashikanth/Spring-WebFlux"/>
    <property name="java.vm.compressedOopsMode" value="Zero based"/>
    <property name="line.separator" value="&#10;"/>
    <property name="java.specification.name" value="Java Platform API Specification"/>
    <property name="java.vm.specification.vendor" value="Oracle Corporation"/>
    <property name="java.awt.graphicsenv" value="sun.awt.CGraphicsEnvironment"/>
    <property name="surefire.real.class.path" value="/Users/shashikanth/Spring-WebFlux/target/surefire/surefirebooter1280018289127347351.jar"/>
    <property name="sun.management.compiler" value="HotSpot 64-Bit Tiered Compilers"/>
    <property name="ftp.nonProxyHosts" value="local|*.local|169.254/16|*.169.254/16"/>
    <property name="java.runtime.version" value="11.0.19+7-adhoc.admin.jdk11u"/>
    <property name="user.name" value="shashikanth"/>
    <property name="path.separator" value=":"/>
    <property name="os.version" value="13.1"/>
    <property name="java.runtime.name" value="OpenJDK Runtime Environment"/>
    <property name="file.encoding" value="US-ASCII"/>
    <property name="java.vm.name" value="OpenJDK 64-Bit Server VM"/>
    <property name="java.vendor.version" value="OpenLogic-OpenJDK"/>
    <property name="localRepository" value="/Users/shashikanth/.m2/repository"/>
    <property name="java.vendor.url.bug" value="https://techsupport.roguewave.com/"/>
    <property name="java.io.tmpdir" value="/var/folders/j9/3g8k33qj4k9_yckrmz1sbh2c0000gp/T/"/>
    <property name="idea.version" value="2023.1.1"/>
    <property name="java.version" value="11.0.19"/>
    <property name="user.dir" value="/Users/shashikanth/Spring-WebFlux"/>
    <property name="os.arch" value="x86_64"/>
    <property name="java.vm.specification.name" value="Java Virtual Machine Specification"/>
    <property name="java.awt.printerjob" value="sun.lwawt.macosx.CPrinterJob"/>
    <property name="sun.os.patch.level" value="unknown"/>
    <property name="java.library.path" value="/Users/shashikanth/Library/Java/Extensions:/Library/Java/Extensions:/Network/Library/Java/Extensions:/System/Library/Java/Extensions:/usr/lib/java:."/>
    <property name="java.vm.info" value="mixed mode"/>
    <property name="java.vendor" value="OpenLogic"/>
    <property name="java.vm.version" value="11.0.19+7-adhoc.admin.jdk11u"/>
    <property name="sun.io.unicode.encoding" value="UnicodeBig"/>
    <property name="java.class.version" value="55.0"/>
    <property name="socksNonProxyHosts" value="local|*.local|169.254/16|*.169.254/16"/>
  </properties>
  <testcase name="contextLoads" classname="com.example.demo.DemoApplicationTests" time="0.349"/>
</testsuite>